SF:lib/src/modules/connections/controllers/connection_view_model.dart
DA:89,3
DA:95,3
DA:97,6
DA:99,0
DA:100,0
DA:105,0
DA:106,0
DA:107,0
DA:108,0
DA:109,0
DA:110,0
DA:111,0
DA:112,0
DA:113,0
DA:115,0
DA:122,0
DA:123,0
DA:124,0
DA:125,0
DA:126,0
DA:127,0
DA:129,0
DA:134,2
DA:135,2
DA:136,2
DA:140,2
DA:142,2
DA:143,4
DA:147,0
DA:149,0
DA:151,0
DA:155,0
DA:156,0
DA:158,0
DA:159,0
DA:161,0
DA:165,0
DA:166,0
DA:167,0
DA:169,0
DA:170,0
DA:171,0
DA:172,0
DA:177,2
DA:178,6
DA:179,6
DA:183,0
DA:185,0
DA:186,0
DA:187,0
DA:189,0
DA:190,0
DA:191,0
DA:192,0
DA:193,0
DA:195,0
DA:196,0
DA:198,0
DA:199,0
DA:200,0
DA:206,0
DA:207,0
DA:209,0
DA:210,0
DA:212,0
DA:213,0
DA:218,2
DA:220,2
DA:221,2
DA:222,2
DA:223,2
LF:71
LH:17
end_of_record
SF:lib/src/config/assets.dart
DA:7,0
LF:1
LH:0
end_of_record
SF:lib/src/config/themes.dart
DA:13,0
DA:15,0
DA:16,0
LF:3
LH:0
end_of_record
SF:lib/src/config/styles.dart
DA:3,0
DA:5,0
DA:6,0
DA:10,0
DA:12,0
DA:13,0
LF:6
LH:0
end_of_record
SF:lib/src/core/errors/app_exception.dart
DA:12,0
DA:14,0
DA:16,0
DA:23,0
DA:29,0
DA:35,0
DA:41,0
LF:7
LH:0
end_of_record
SF:lib/src/core/presentation/actions/action_presenter.dart
DA:18,0
DA:26,0
DA:27,0
DA:32,0
DA:36,0
DA:38,0
DA:40,0
DA:41,0
DA:44,0
DA:47,0
DA:48,0
DA:52,0
DA:53,0
DA:64,0
DA:71,0
DA:75,0
DA:77,0
DA:79,0
DA:80,0
DA:83,0
DA:84,0
DA:94,0
DA:101,0
DA:102,0
DA:106,0
DA:109,0
DA:119,0
DA:120,0
DA:121,0
DA:122,0
DA:142,0
DA:143,0
DA:144,0
DA:145,0
DA:163,0
DA:167,0
DA:168,0
DA:170,0
DA:171,0
DA:173,0
DA:175,0
DA:177,0
DA:178,0
DA:180,0
DA:181,0
DA:182,0
DA:183,0
DA:185,0
DA:189,0
DA:190,0
DA:192,0
LF:51
LH:0
end_of_record
SF:lib/src/core/presentation/api_response.dart
DA:31,3
DA:43,0
DA:44,0
DA:45,0
DA:46,0
DA:47,0
DA:49,0
DA:50,0
DA:51,0
DA:77,0
DA:83,0
DA:84,0
DA:85,0
DA:87,0
DA:88,0
DA:89,0
DA:90,0
DA:92,0
DA:94,0
DA:104,0
LF:20
LH:1
end_of_record
SF:lib/src/infrastructure/cache/cache_manager.dart
DA:31,0
DA:63,0
DA:70,0
DA:71,0
DA:72,0
DA:91,0
DA:99,0
DA:101,0
DA:102,0
DA:103,0
DA:110,0
DA:116,0
DA:117,0
DA:124,0
LF:14
LH:0
end_of_record
SF:lib/src/infrastructure/http/api_service.dart
DA:59,0
DA:62,0
DA:63,0
DA:64,0
DA:66,0
DA:87,0
DA:95,0
DA:101,0
DA:112,0
DA:114,0
DA:115,0
DA:119,0
DA:130,0
DA:136,0
DA:142,0
DA:144,0
DA:154,0
DA:155,0
DA:159,0
DA:160,0
DA:162,0
DA:166,0
DA:167,0
DA:172,0
DA:186,0
DA:192,0
DA:199,0
DA:201,0
DA:213,0
DA:214,0
DA:218,0
DA:219,0
DA:221,0
DA:225,0
DA:226,0
DA:231,0
DA:244,0
DA:250,0
DA:256,0
DA:258,0
DA:270,0
DA:271,0
DA:275,0
DA:276,0
DA:278,0
DA:282,0
DA:283,0
DA:288,0
DA:299,0
DA:305,0
DA:311,0
DA:313,0
DA:323,0
DA:324,0
DA:328,0
DA:329,0
DA:331,0
DA:335,0
DA:336,0
DA:377,0
DA:384,0
DA:385,0
DA:386,0
DA:389,0
DA:391,0
DA:398,0
DA:399,0
DA:403,0
DA:405,0
DA:406,0
DA:407,0
DA:411,0
DA:413,0
DA:414,0
DA:415,0
DA:416,0
DA:418,0
DA:422,0
DA:425,0
DA:426,0
DA:429,0
DA:436,0
DA:437,0
DA:438,0
DA:439,0
DA:440,0
DA:441,0
DA:443,0
DA:444,0
DA:445,0
DA:446,0
DA:447,0
DA:448,0
DA:450,0
DA:454,0
DA:455,0
DA:456,0
DA:457,0
DA:459,0
DA:460,0
DA:461,0
DA:462,0
DA:463,0
DA:464,0
DA:468,0
DA:469,0
DA:470,0
DA:471,0
DA:472,0
DA:473,0
DA:475,0
DA:480,0
DA:481,0
DA:482,0
DA:483,0
DA:484,0
DA:489,0
DA:490,0
DA:497,0
DA:499,0
DA:500,0
DA:501,0
DA:502,0
DA:505,0
DA:507,0
DA:508,0
DA:509,0
DA:510,0
DA:514,0
DA:535,0
DA:538,0
DA:539,0
DA:541,0
DA:545,0
DA:571,0
DA:581,0
DA:589,0
DA:590,0
DA:591,0
DA:612,0
DA:622,0
DA:643,0
DA:644,0
DA:645,0
DA:646,0
LF:145
LH:0
end_of_record
SF:lib/src/infrastructure/storage/app_storage_service.dart
DA:27,0
DA:28,0
DA:29,0
DA:38,0
DA:39,0
DA:40,0
DA:46,0
DA:51,0
DA:52,0
DA:55,0
DA:56,0
DA:59,0
DA:60,0
DA:63,0
DA:68,0
DA:71,0
DA:74,0
DA:75,0
DA:78,0
DA:79,0
DA:82,0
LF:21
LH:0
end_of_record
SF:lib/src/infrastructure/storage/preferences_storage.dart
DA:25,0
DA:27,0
DA:28,0
DA:47,0
DA:48,0
DA:49,0
DA:57,0
DA:62,0
DA:67,0
DA:70,0
DA:75,0
DA:78,0
DA:84,0
LF:13
LH:0
end_of_record
SF:lib/src/infrastructure/storage/secure_token_storage.dart
DA:27,0
DA:30,0
DA:31,0
DA:45,0
DA:47,0
DA:48,0
DA:53,0
DA:54,0
DA:58,0
DA:59,0
DA:63,0
DA:65,0
DA:66,0
DA:67,0
DA:69,0
DA:75,0
DA:77,0
DA:78,0
DA:79,0
DA:81,0
DA:87,0
DA:89,0
DA:90,0
DA:91,0
DA:92,0
LF:25
LH:0
end_of_record
SF:lib/src/modules/auth/actions/auth_actions.dart
DA:28,0
DA:30,0
DA:34,0
DA:35,0
DA:54,0
DA:55,0
DA:56,0
DA:57,0
DA:75,0
DA:76,0
DA:77,0
DA:80,0
DA:81,0
DA:83,0
DA:95,0
DA:96,0
LF:16
LH:0
end_of_record
SF:lib/src/utils/route_manager.dart
DA:11,0
DA:14,0
DA:20,0
DA:23,0
DA:37,0
DA:38,0
DA:39,0
DA:40,0
DA:42,0
DA:44,0
DA:46,0
DA:47,0
DA:49,0
DA:51,0
DA:53,0
DA:55,0
DA:56,0
DA:57,0
DA:68,0
DA:69,0
LF:20
LH:0
end_of_record
SF:lib/src/modules/auth/controllers/auth_view_model.dart
DA:50,0
DA:56,0
DA:73,0
DA:74,0
DA:94,0
DA:95,0
DA:97,0
DA:98,0
DA:102,0
DA:103,0
DA:106,0
DA:109,0
DA:110,0
DA:114,0
DA:118,0
DA:124,0
DA:125,0
DA:129,0
DA:130,0
DA:131,0
DA:132,0
DA:136,0
DA:137,0
DA:141,0
DA:142,0
DA:146,0
DA:147,0
DA:151,0
DA:152,0
DA:156,0
DA:157,0
DA:161,0
DA:162,0
DA:166,0
DA:167,0
DA:168,0
DA:171,0
DA:172,0
DA:173,0
LF:39
LH:0
end_of_record
SF:lib/src/modules/auth/auth_bindings.dart
DA:5,0
DA:7,0
LF:2
LH:0
end_of_record
SF:lib/src/modules/auth/data/services/auth_service.dart
DA:58,0
DA:59,0
DA:60,0
DA:62,0
DA:66,0
DA:67,0
DA:68,0
DA:71,0
DA:72,0
DA:92,0
DA:93,0
DA:94,0
DA:96,0
DA:114,0
DA:115,0
DA:131,0
DA:132,0
DA:149,0
DA:150,0
DA:152,0
DA:154,0
DA:170,0
DA:171,0
DA:173,0
DA:175,0
LF:25
LH:0
end_of_record
SF:lib/src/modules/auth/views/auth.dart
DA:22,3
DA:24,0
DA:26,0
LF:3
LH:1
end_of_record
SF:lib/src/modules/auth/views/login.dart
DA:34,0
DA:36,0
DA:38,0
DA:39,0
DA:40,0
DA:42,0
DA:43,0
DA:44,0
DA:46,0
DA:47,0
DA:49,0
DA:53,0
DA:55,0
DA:58,0
DA:60,0
DA:63,0
DA:64,0
DA:66,0
DA:68,0
DA:69,0
DA:94,0
DA:95,0
DA:96,0
DA:97,0
LF:24
LH:0
end_of_record
SF:lib/src/modules/auth/views/register.dart
DA:29,6
DA:31,0
DA:33,0
DA:34,0
DA:36,0
DA:38,0
DA:39,0
DA:41,0
DA:45,0
DA:47,0
DA:50,0
DA:52,0
DA:55,0
DA:57,0
DA:60,0
DA:62,0
DA:65,0
DA:67,0
DA:75,0
DA:76,0
LF:20
LH:1
end_of_record
SF:lib/src/modules/auth/auth_middleware.dart
DA:8,0
DA:12,0
DA:14,0
DA:15,0
DA:16,0
LF:5
LH:0
end_of_record
SF:lib/src/modules/auth/data/models/user.dart
DA:8,0
DA:9,0
DA:12,0
DA:13,0
DA:16,0
DA:21,0
DA:38,0
DA:46,0
DA:47,0
DA:48,0
DA:49,0
DA:50,0
DA:51,0
DA:52,0
DA:56,0
DA:57,0
DA:58,0
DA:59,0
DA:60,0
DA:61,0
DA:65,0
DA:75,0
DA:76,0
DA:77,0
DA:78,0
DA:79,0
DA:80,0
LF:27
LH:0
end_of_record
SF:lib/src/modules/grades/views/home_page.dart
DA:9,0
DA:11,0
DA:13,0
DA:15,0
DA:16,0
DA:17,0
DA:18,0
DA:19,0
DA:20,0
DA:21,0
DA:22,0
DA:23,0
DA:24,0
LF:13
LH:0
end_of_record
SF:lib/src/modules/auth/views/splash.dart
DA:19,3
DA:21,0
DA:23,0
DA:24,0
DA:25,0
DA:27,0
DA:28,0
LF:7
LH:1
end_of_record
SF:lib/src/modules/auth/views/auth_handler.dart
DA:38,0
DA:45,0
DA:47,0
DA:48,0
DA:49,0
DA:50,0
DA:51,0
DA:52,0
LF:8
LH:0
end_of_record
SF:lib/src/utils/validator.dart
DA:14,0
DA:17,0
DA:28,0
DA:34,0
DA:35,0
DA:36,0
DA:37,0
DA:38,0
DA:45,0
DA:46,0
DA:47,0
DA:48,0
DA:49,0
DA:56,0
DA:57,0
DA:58,0
DA:59,0
DA:60,0
DA:67,0
DA:68,0
DA:69,0
DA:76,0
DA:77,0
DA:78,0
LF:24
LH:0
end_of_record
SF:lib/src/modules/connections/actions/connection_actions.dart
DA:11,3
DA:14,2
DA:20,1
DA:21,3
DA:27,0
DA:28,0
DA:39,0
DA:40,0
DA:41,0
DA:42,0
DA:43,0
DA:50,1
DA:57,1
LF:13
LH:6
end_of_record
SF:lib/src/modules/connections/views/connection_handler.dart
DA:38,1
DA:52,1
DA:54,1
DA:55,1
DA:56,3
DA:57,2
DA:58,1
DA:60,1
DA:61,1
DA:64,1
DA:65,1
DA:66,1
DA:67,1
DA:69,1
DA:70,1
DA:72,4
LF:16
LH:16
end_of_record
SF:lib/src/modules/connections/views/connection_overlay.dart
DA:29,1
DA:36,1
DA:38,1
DA:39,1
DA:40,1
DA:41,2
DA:42,3
DA:43,1
DA:45,1
DA:46,1
DA:63,3
DA:65,1
DA:66,1
DA:71,1
DA:73,2
DA:74,1
DA:78,1
DA:80,2
DA:81,1
DA:83,1
DA:84,1
DA:87,1
DA:89,1
DA:90,1
DA:91,1
DA:93,1
DA:97,1
DA:98,1
DA:100,1
DA:102,1
DA:106,2
DA:107,1
DA:109,1
DA:112,1
DA:114,1
DA:118,2
DA:119,1
DA:121,1
DA:126,3
DA:127,5
DA:128,1
DA:132,1
DA:133,1
DA:134,1
DA:136,1
DA:149,1
DA:151,2
DA:152,1
DA:156,0
DA:157,0
DA:158,0
DA:174,3
DA:182,1
DA:184,2
DA:185,1
DA:186,1
DA:188,1
DA:189,1
DA:191,1
DA:192,1
DA:193,3
DA:194,1
LF:62
LH:59
end_of_record
SF:lib/src/modules/connections/views/connectivity_checker_splash.dart
DA:28,3
DA:30,0
DA:31,0
DA:36,0
DA:38,0
DA:39,0
DA:42,0
DA:44,0
DA:45,0
DA:46,0
DA:47,0
DA:48,0
DA:50,0
DA:52,0
DA:61,0
DA:62,0
LF:16
LH:1
end_of_record
SF:lib/src/modules/connections/data/services/reachability_service.dart
DA:30,3
DA:36,3
DA:45,0
DA:50,0
DA:51,0
DA:53,0
DA:54,0
DA:58,0
DA:59,0
DA:63,0
DA:64,0
DA:65,0
DA:66,0
DA:67,0
DA:68,0
DA:69,0
DA:70,0
DA:71,0
LF:18
LH:2
end_of_record
SF:lib/src/modules/grades/actions/grade_actions.dart
DA:9,0
DA:12,0
DA:15,0
DA:20,0
LF:4
LH:0
end_of_record
SF:lib/src/modules/grades/data/model/grade_model.dart
DA:8,0
DA:9,0
DA:16,0
DA:17,0
DA:31,0
DA:42,0
DA:43,0
DA:44,0
DA:45,0
DA:51,0
DA:52,0
DA:53,0
DA:54,0
LF:13
LH:0
end_of_record
SF:lib/src/modules/grades/controllers/grade_view_model.dart
DA:12,0
DA:13,0
DA:20,0
DA:23,0
DA:24,0
DA:28,0
DA:29,0
DA:33,0
DA:34,0
DA:38,0
DA:39,0
LF:11
LH:0
end_of_record
SF:lib/src/modules/grades/data/service/grade_service.dart
DA:14,0
DA:15,0
DA:16,0
LF:3
LH:0
end_of_record
SF:lib/src/modules/grades/views/widgets/grades_grid_view.dart
DA:9,0
DA:11,0
DA:13,0
DA:14,0
DA:26,0
DA:27,0
DA:28,0
DA:32,0
LF:8
LH:0
end_of_record
SF:lib/src/modules/grades/views/widgets/grade_grid_tile.dart
DA:12,0
DA:14,0
DA:16,0
DA:17,0
DA:18,0
DA:19,0
DA:22,0
DA:23,0
DA:25,0
DA:27,0
DA:28,0
DA:29,0
DA:30,0
DA:31,0
DA:32,0
DA:33,0
DA:35,0
DA:36,0
DA:37,0
DA:39,0
DA:41,0
DA:44,0
DA:45,0
DA:46,0
DA:75,0
DA:76,0
DA:93,0
DA:108,0
DA:123,0
DA:138,0
DA:153,0
DA:168,0
DA:170,0
DA:171,0
DA:172,0
DA:173,0
DA:175,0
DA:176,0
DA:177,0
DA:178,0
DA:180,0
DA:181,0
DA:187,0
DA:188,0
DA:194,0
DA:195,0
DA:202,0
DA:204,0
DA:205,0
DA:206,0
DA:207,0
DA:209,0
DA:210,0
DA:211,0
DA:212,0
DA:213,0
DA:214,0
DA:232,0
DA:243,0
DA:254,0
DA:265,0
DA:267,0
DA:268,0
DA:269,0
DA:271,0
DA:272,0
DA:273,0
DA:274,0
DA:275,0
DA:277,0
LF:70
LH:0
end_of_record
SF:lib/src/presentation/custom/custom_text.dart
DA:17,3
DA:19,3
DA:21,0
DA:23,0
DA:25,0
DA:27,1
DA:29,3
DA:30,1
DA:31,2
DA:32,1
DA:33,1
DA:34,1
DA:35,1
DA:36,1
DA:38,1
DA:39,1
DA:57,0
DA:59,0
DA:61,0
DA:62,0
DA:63,0
DA:64,0
DA:65,0
DA:66,0
DA:67,0
DA:68,0
DA:70,0
DA:71,0
LF:28
LH:13
end_of_record
SF:lib/src/modules/menu/actions/menu_actions.dart
DA:13,0
DA:16,0
DA:22,0
DA:23,0
DA:27,0
DA:28,0
DA:29,0
DA:33,0
DA:34,0
DA:35,0
DA:39,0
DA:40,0
DA:44,0
DA:45,0
DA:49,0
DA:50,0
DA:51,0
DA:55,0
DA:56,0
DA:57,0
DA:61,0
DA:62,0
DA:66,0
DA:67,0
DA:71,0
DA:72,0
DA:76,0
DA:77,0
LF:28
LH:0
end_of_record
SF:lib/src/modules/menu/controllers/menu_view_model.dart
DA:12,0
DA:18,0
DA:24,0
DA:34,0
DA:35,0
DA:41,0
DA:42,0
DA:43,0
DA:44,0
DA:45,0
DA:47,0
DA:52,0
DA:53,0
LF:13
LH:0
end_of_record
SF:lib/src/modules/menu/view/page.dart
DA:5,6
DA:7,0
DA:16,6
DA:18,0
DA:27,6
DA:29,0
LF:6
LH:3
end_of_record
SF:lib/src/modules/menu/menu_bindings.dart
DA:13,0
DA:15,0
DA:17,0
LF:3
LH:0
end_of_record
SF:lib/src/modules/menu/view/menu.dart
DA:7,3
DA:9,0
DA:11,0
DA:12,0
DA:14,0
LF:5
LH:1
end_of_record
SF:lib/src/modules/menu/view/side_menu.dart
DA:10,6
DA:12,0
DA:14,0
DA:15,0
DA:16,0
DA:17,0
DA:18,0
DA:19,0
DA:20,0
DA:22,0
DA:23,0
DA:25,0
DA:26,0
DA:29,0
DA:36,0
DA:39,0
DA:42,0
DA:43,0
DA:45,0
DA:48,0
DA:49,0
DA:51,0
DA:54,0
DA:55,0
DA:70,0
DA:76,0
DA:78,0
DA:80,0
DA:81,0
DA:82,0
DA:84,0
DA:86,0
DA:88,0
DA:90,0
DA:91,0
DA:92,0
DA:94,0
DA:97,0
DA:98,0
LF:39
LH:1
end_of_record
SF:lib/src/presentation/custom/custom_button.dart
DA:17,0
DA:30,0
DA:43,0
DA:57,0
DA:59,0
DA:60,0
DA:61,0
DA:62,0
DA:63,0
DA:65,0
DA:66,0
DA:67,0
DA:68,0
DA:70,0
DA:71,0
DA:72,0
DA:73,0
DA:74,0
LF:18
LH:0
end_of_record
SF:lib/src/utils/screen_utils.dart
DA:15,1
DA:16,3
DA:27,1
DA:28,4
DA:39,0
DA:40,0
DA:51,1
DA:52,2
DA:53,2
DA:54,1
DA:65,1
DA:66,1
DA:75,0
DA:76,0
LF:14
LH:10
end_of_record
SF:lib/src/presentation/custom/custom_container.dart
DA:12,0
DA:14,0
DA:16,0
DA:17,0
DA:18,0
DA:19,0
DA:20,0
DA:22,0
DA:23,0
DA:26,0
LF:10
LH:0
end_of_record
SF:lib/src/presentation/custom/custom_dash.dart
DA:11,0
DA:21,0
DA:23,0
DA:24,0
DA:25,0
DA:26,0
DA:27,0
DA:28,0
DA:29,0
DA:31,0
DA:32,0
DA:34,0
DA:35,0
DA:36,0
DA:37,0
DA:38,0
DA:39,0
LF:17
LH:0
end_of_record
SF:lib/src/presentation/custom/custom_date_text.dart
DA:29,0
DA:50,0
DA:52,0
DA:53,0
DA:54,0
DA:55,0
DA:56,0
DA:57,0
DA:58,0
DA:60,0
DA:61,0
DA:66,0
DA:67,0
DA:68,0
DA:70,0
DA:71,0
DA:72,0
DA:91,0
DA:107,0
DA:109,0
DA:111,0
DA:112,0
DA:113,0
DA:114,0
DA:115,0
DA:116,0
DA:117,0
DA:118,0
DA:119,0
DA:120,0
DA:122,0
DA:123,0
DA:140,0
DA:154,0
DA:155,0
DA:161,0
DA:163,0
DA:164,0
DA:167,0
DA:168,0
DA:169,0
DA:173,0
DA:175,0
DA:176,0
DA:179,0
DA:181,0
DA:182,0
DA:183,0
DA:184,0
DA:185,0
DA:186,0
DA:187,0
DA:188,0
DA:189,0
DA:190,0
DA:192,0
DA:193,0
LF:57
LH:0
end_of_record
SF:lib/src/presentation/custom/custom_form_field.dart
DA:25,0
DA:46,0
DA:48,0
DA:49,0
DA:50,0
DA:51,0
DA:52,0
DA:54,0
DA:55,0
DA:56,0
DA:57,0
DA:58,0
DA:59,0
DA:60,0
DA:62,0
DA:63,0
DA:64,0
DA:65,0
DA:67,0
DA:69,0
DA:70,0
DA:71,0
DA:72,0
DA:73,0
DA:74,0
DA:98,0
DA:116,0
DA:117,0
DA:123,0
DA:126,0
DA:127,0
DA:130,0
DA:131,0
DA:132,0
DA:134,0
DA:135,0
DA:136,0
DA:137,0
DA:138,0
DA:139,0
DA:140,0
DA:141,0
DA:143,0
DA:144,0
DA:145,0
DA:146,0
DA:147,0
DA:150,0
DA:151,0
DA:156,0
DA:157,0
DA:158,0
DA:159,0
DA:160,0
DA:163,0
DA:164,0
DA:169,0
LF:57
LH:0
end_of_record
SF:lib/src/presentation/custom/custom_visible.dart
DA:7,0
DA:9,0
DA:11,0
LF:3
LH:0
end_of_record
SF:lib/src/presentation/widgets/api_handler.dart
DA:37,0
DA:58,0
DA:60,0
DA:61,0
DA:63,0
DA:64,0
DA:65,0
DA:66,0
DA:68,0
DA:69,0
DA:70,0
DA:72,0
DA:73,0
DA:74,0
DA:75,0
DA:76,0
DA:82,0
DA:86,0
DA:88,0
DA:89,0
DA:90,0
DA:91,0
DA:92,0
DA:94,0
LF:24
LH:0
end_of_record
SF:lib/src/utils/get_utils.dart
DA:15,0
DA:16,0
DA:17,0
DA:18,0
DA:19,0
DA:20,0
DA:21,0
DA:31,0
DA:32,0
DA:42,0
DA:43,0
DA:53,0
DA:54,0
DA:55,0
DA:65,0
DA:66,0
DA:67,0
DA:68,0
DA:69,0
LF:19
LH:0
end_of_record
SF:lib/src/utils/themes.dart
DA:24,0
DA:42,0
DA:49,0
DA:54,0
DA:60,0
DA:65,0
DA:68,0
DA:73,0
DA:78,0
DA:80,0
DA:84,0
DA:86,0
DA:99,0
DA:103,0
DA:104,0
DA:105,0
DA:109,0
DA:111,0
DA:118,0
DA:119,0
DA:120,0
DA:121,0
DA:125,0
DA:126,0
DA:127,0
DA:128,0
DA:132,0
DA:133,0
DA:134,0
DA:135,0
DA:138,0
DA:139,0
DA:140,0
DA:148,0
DA:151,0
LF:35
LH:0
end_of_record
