SF:lib/src/modules/menu/data/models/menu_item.dart
DA:39,2
DA:46,1
DA:49,4
DA:52,1
DA:53,2
DA:55,1
DA:56,3
LF:7
LH:7
end_of_record
SF:lib/src/modules/menu/controllers/menu_view_model.dart
DA:25,6
DA:31,6
DA:39,4
DA:44,2
DA:46,2
DA:47,4
DA:48,0
DA:63,2
DA:64,4
DA:65,6
DA:66,8
DA:67,4
DA:82,2
DA:83,8
DA:84,4
DA:85,4
DA:86,2
DA:87,6
DA:103,2
DA:104,10
DA:105,4
DA:106,2
DA:121,1
DA:122,6
DA:123,2
DA:124,1
DA:135,8
LF:27
LH:26
end_of_record
SF:lib/src/modules/menu/views/menu_drawer_item.dart
DA:39,2
DA:47,2
DA:49,2
DA:50,2
DA:51,2
DA:53,2
DA:57,2
DA:58,6
DA:61,2
DA:63,2
DA:64,2
DA:65,2
DA:67,6
DA:70,2
DA:71,2
DA:72,2
DA:73,8
LF:17
LH:17
end_of_record
SF:lib/src/modules/menu/views/menu_page.dart
DA:37,1
DA:39,1
DA:41,1
DA:42,1
DA:43,2
DA:45,3
DA:46,6
DA:47,7
DA:53,4
LF:9
LH:9
end_of_record
SF:lib/src/modules/menu/views/side_menu_drawer.dart
DA:28,1
DA:30,1
DA:32,1
DA:33,1
DA:34,2
DA:36,1
DA:38,1
DA:41,6
DA:42,1
DA:43,1
DA:45,1
DA:46,1
DA:47,1
DA:48,2
DA:49,0
DA:50,0
DA:51,0
DA:57,1
DA:60,1
DA:68,1
DA:69,1
DA:71,4
DA:73,1
DA:76,1
DA:77,1
DA:78,1
DA:80,4
DA:81,1
DA:82,2
DA:88,1
DA:89,1
DA:91,4
LF:32
LH:29
end_of_record
SF:lib/src/infrastructure/storage/preferences_storage.dart
DA:25,1
DA:27,3
DA:28,2
DA:47,0
DA:48,0
DA:49,0
DA:57,2
DA:62,0
DA:67,0
DA:70,0
DA:75,0
DA:78,0
DA:84,0
LF:13
LH:4
end_of_record
SF:lib/src/modules/theme/controllers/theme_view_model.dart
DA:45,3
DA:48,0
DA:51,1
DA:53,1
DA:55,1
DA:56,1
DA:69,1
DA:70,1
DA:71,1
DA:87,0
DA:88,0
DA:89,0
DA:101,0
DA:102,0
DA:103,0
DA:119,1
DA:120,2
DA:121,1
DA:123,2
DA:125,0
DA:140,1
DA:141,3
DA:152,1
DA:153,2
DA:160,0
DA:162,0
LF:26
LH:16
end_of_record
SF:lib/src/modules/theme/data/services/theme_service.dart
DA:33,1
DA:35,2
DA:56,0
DA:58,0
LF:4
LH:2
end_of_record
SF:lib/src/modules/locale/data/services/localization_service.dart
DA:39,0
DA:42,0
DA:53,0
DA:55,0
DA:56,0
DA:59,0
DA:64,0
DA:65,0
DA:70,0
DA:73,0
DA:91,0
DA:93,0
DA:94,0
DA:95,0
DA:96,0
DA:121,0
DA:122,0
DA:123,0
DA:126,0
DA:127,0
DA:131,0
DA:133,0
DA:140,0
DA:141,0
DA:144,0
DA:146,0
DA:154,0
DA:155,0
LF:28
LH:0
end_of_record
SF:lib/src/modules/theme/views/theme_drawer_item.dart
DA:32,1
DA:34,1
LF:2
LH:2
end_of_record
SF:lib/src/modules/theme/views/theme_mode_label.dart
DA:27,1
DA:29,1
DA:31,2
LF:3
LH:3
end_of_record
SF:lib/src/modules/theme/views/theme_mode_switch.dart
DA:27,1
DA:29,1
DA:31,1
DA:32,2
DA:33,2
DA:34,0
DA:35,0
LF:7
LH:5
end_of_record
SF:lib/src/presentation/custom/custom_text.dart
DA:39,1
DA:41,0
DA:43,0
DA:45,0
DA:47,0
DA:49,1
DA:51,3
DA:52,1
DA:53,2
DA:54,1
DA:55,1
DA:56,1
DA:57,1
DA:58,1
DA:60,1
DA:61,1
DA:103,0
DA:105,0
DA:107,0
DA:108,0
DA:109,0
DA:110,0
DA:111,0
DA:112,0
DA:113,0
DA:114,0
DA:116,0
DA:117,0
LF:28
LH:12
end_of_record
SF:lib/src/utils/screen_utils.dart
DA:15,1
DA:16,3
DA:27,0
DA:28,0
DA:39,0
DA:40,0
DA:51,1
DA:52,2
DA:53,2
DA:54,1
DA:65,1
DA:66,1
DA:75,0
DA:76,0
LF:14
LH:8
end_of_record
SF:lib/src/config/assets.dart
DA:7,0
LF:1
LH:0
end_of_record
SF:lib/src/config/themes.dart
DA:17,0
DA:20,0
DA:24,0
DA:42,0
DA:45,0
DA:49,0
DA:57,0
LF:7
LH:0
end_of_record
SF:lib/src/config/styles.dart
DA:3,0
DA:5,0
DA:6,0
DA:10,0
DA:12,0
DA:13,0
LF:6
LH:0
end_of_record
SF:lib/src/modules/theme/theme_bindings.dart
DA:25,0
DA:28,0
DA:29,0
DA:34,0
DA:35,0
LF:5
LH:0
end_of_record
